c:\user-wu\program-hdd\vsproject\systembackup\release\systembackup.bsc
c:\user-wu\program-hdd\vsproject\systembackup\systembackup\release\vc120.pdb
c:\user-wu\program-hdd\vsproject\systembackup\systembackup\release\backup.sbr
c:\user-wu\program-hdd\vsproject\systembackup\systembackup\release\main.sbr
c:\user-wu\program-hdd\vsproject\systembackup\systembackup\release\saftfunc.sbr
c:\user-wu\program-hdd\vsproject\systembackup\systembackup\release\setpath.sbr
c:\user-wu\program-hdd\vsproject\systembackup\systembackup\release\showfile.sbr
c:\user-wu\program-hdd\vsproject\systembackup\systembackup\release\vectors.sbr
c:\user-wu\program-hdd\vsproject\systembackup\systembackup\release\vectors.obj
c:\user-wu\program-hdd\vsproject\systembackup\systembackup\release\showfile.obj
c:\user-wu\program-hdd\vsproject\systembackup\systembackup\release\setpath.obj
c:\user-wu\program-hdd\vsproject\systembackup\systembackup\release\saftfunc.obj
c:\user-wu\program-hdd\vsproject\systembackup\systembackup\release\main.obj
c:\user-wu\program-hdd\vsproject\systembackup\systembackup\release\backup.obj
c:\user-wu\program-hdd\vsproject\systembackup\release\systembackup.exe
c:\user-wu\program-hdd\vsproject\systembackup\release\systembackup.pdb
c:\user-wu\program-hdd\vsproject\systembackup\systembackup\release\systembackup.tlog\bscmake.command.1.tlog
c:\user-wu\program-hdd\vsproject\systembackup\systembackup\release\systembackup.tlog\bscmake.read.1.tlog
c:\user-wu\program-hdd\vsproject\systembackup\systembackup\release\systembackup.tlog\bscmake.write.1.tlog
c:\user-wu\program-hdd\vsproject\systembackup\systembackup\release\systembackup.tlog\cl.command.1.tlog
c:\user-wu\program-hdd\vsproject\systembackup\systembackup\release\systembackup.tlog\cl.read.1.tlog
c:\user-wu\program-hdd\vsproject\systembackup\systembackup\release\systembackup.tlog\cl.write.1.tlog
c:\user-wu\program-hdd\vsproject\systembackup\systembackup\release\systembackup.tlog\link.command.1.tlog
c:\user-wu\program-hdd\vsproject\systembackup\systembackup\release\systembackup.tlog\link.read.1.tlog
c:\user-wu\program-hdd\vsproject\systembackup\systembackup\release\systembackup.tlog\link.write.1.tlog
