c:\user-wu\program-hdd\vsproject\systembackup\debug\systembackup.bsc
c:\user-wu\program-hdd\vsproject\systembackup\systembackup\debug\vc120.pdb
c:\user-wu\program-hdd\vsproject\systembackup\systembackup\debug\vc120.idb
c:\user-wu\program-hdd\vsproject\systembackup\systembackup\debug\vectors.sbr
c:\user-wu\program-hdd\vsproject\systembackup\systembackup\debug\showfile.sbr
c:\user-wu\program-hdd\vsproject\systembackup\systembackup\debug\setpath.sbr
c:\user-wu\program-hdd\vsproject\systembackup\systembackup\debug\saftfunc.sbr
c:\user-wu\program-hdd\vsproject\systembackup\systembackup\debug\main.sbr
c:\user-wu\program-hdd\vsproject\systembackup\systembackup\debug\backup.sbr
c:\user-wu\program-hdd\vsproject\systembackup\systembackup\debug\backup.obj
c:\user-wu\program-hdd\vsproject\systembackup\systembackup\debug\main.obj
c:\user-wu\program-hdd\vsproject\systembackup\systembackup\debug\saftfunc.obj
c:\user-wu\program-hdd\vsproject\systembackup\systembackup\debug\setpath.obj
c:\user-wu\program-hdd\vsproject\systembackup\systembackup\debug\showfile.obj
c:\user-wu\program-hdd\vsproject\systembackup\systembackup\debug\vectors.obj
c:\user-wu\program-hdd\vsproject\systembackup\debug\systembackup.ilk
c:\user-wu\program-hdd\vsproject\systembackup\debug\systembackup.exe
c:\user-wu\program-hdd\vsproject\systembackup\debug\systembackup.pdb
c:\user-wu\program-hdd\vsproject\systembackup\systembackup\debug\systembackup.tlog\bscmake.command.1.tlog
c:\user-wu\program-hdd\vsproject\systembackup\systembackup\debug\systembackup.tlog\bscmake.read.1.tlog
c:\user-wu\program-hdd\vsproject\systembackup\systembackup\debug\systembackup.tlog\bscmake.write.1.tlog
c:\user-wu\program-hdd\vsproject\systembackup\systembackup\debug\systembackup.tlog\cl.command.1.tlog
c:\user-wu\program-hdd\vsproject\systembackup\systembackup\debug\systembackup.tlog\cl.read.1.tlog
c:\user-wu\program-hdd\vsproject\systembackup\systembackup\debug\systembackup.tlog\cl.write.1.tlog
c:\user-wu\program-hdd\vsproject\systembackup\systembackup\debug\systembackup.tlog\link.command.1.tlog
c:\user-wu\program-hdd\vsproject\systembackup\systembackup\debug\systembackup.tlog\link.read.1.tlog
c:\user-wu\program-hdd\vsproject\systembackup\systembackup\debug\systembackup.tlog\link.write.1.tlog
